<?xml version="1.0" encoding="UTF-8"?>
<testsuite xmlns:xsi="http://www.w3.org/2001/XMLSchema-instance" xsi:noNamespaceSchemaLocation="https://maven.apache.org/surefire/maven-surefire-plugin/xsd/surefire-test-report.xsd" name="kth.soffgrupp.se.AppTest" time="0.013" tests="1" errors="0" skipped="0" failures="0">
  <properties>
    <property name="java.specification.version" value="16"/>
    <property name="sun.jnu.encoding" value="UTF-8"/>
    <property name="java.class.path" value="/Users/timmylindholm/kth/DD2480/assignment2/assignment2/target/test-classes:/Users/timmylindholm/kth/DD2480/assignment2/assignment2/target/classes:/Users/timmylindholm/.m2/repository/junit/junit/4.11/junit-4.11.jar:/Users/timmylindholm/.m2/repository/org/hamcrest/hamcrest-core/1.3/hamcrest-core-1.3.jar:/Users/timmylindholm/.m2/repository/javax/servlet/servlet-api/2.5/servlet-api-2.5.jar:/Users/timmylindholm/.m2/repository/org/eclipse/jetty/jetty-server/10.0.0/jetty-server-10.0.0.jar:/Users/timmylindholm/.m2/repository/org/eclipse/jetty/toolchain/jetty-servlet-api/4.0.5/jetty-servlet-api-4.0.5.jar:/Users/timmylindholm/.m2/repository/org/eclipse/jetty/jetty-http/10.0.0/jetty-http-10.0.0.jar:/Users/timmylindholm/.m2/repository/org/eclipse/jetty/jetty-util/10.0.0/jetty-util-10.0.0.jar:/Users/timmylindholm/.m2/repository/org/eclipse/jetty/jetty-io/10.0.0/jetty-io-10.0.0.jar:/Users/timmylindholm/.m2/repository/org/slf4j/slf4j-api/2.0.0-alpha1/slf4j-api-2.0.0-alpha1.jar:"/>
    <property name="java.vm.vendor" value="Oracle Corporation"/>
    <property name="sun.arch.data.model" value="64"/>
    <property name="java.vendor.url" value="https://openjdk.java.net/"/>
    <property name="os.name" value="Mac OS X"/>
    <property name="java.vm.specification.version" value="16"/>
    <property name="sun.java.launcher" value="SUN_STANDARD"/>
    <property name="user.country" value="SE"/>
    <property name="sun.boot.library.path" value="/opt/homebrew/Cellar/openjdk/15.0.1/libexec/openjdk.jdk/Contents/Home/lib"/>
    <property name="sun.java.command" value="/Users/timmylindholm/kth/DD2480/assignment2/assignment2/target/surefire/surefirebooter13711322402181961113.jar /Users/timmylindholm/kth/DD2480/assignment2/assignment2/target/surefire 2021-02-08T14-33-45_207-jvmRun1 surefire17992068719003615395tmp surefire_018354557299607897710tmp"/>
    <property name="http.nonProxyHosts" value="local|*.local|169.254/16|*.169.254/16"/>
    <property name="jdk.debug" value="release"/>
    <property name="surefire.test.class.path" value="/Users/timmylindholm/kth/DD2480/assignment2/assignment2/target/test-classes:/Users/timmylindholm/kth/DD2480/assignment2/assignment2/target/classes:/Users/timmylindholm/.m2/repository/junit/junit/4.11/junit-4.11.jar:/Users/timmylindholm/.m2/repository/org/hamcrest/hamcrest-core/1.3/hamcrest-core-1.3.jar:/Users/timmylindholm/.m2/repository/javax/servlet/servlet-api/2.5/servlet-api-2.5.jar:/Users/timmylindholm/.m2/repository/org/eclipse/jetty/jetty-server/10.0.0/jetty-server-10.0.0.jar:/Users/timmylindholm/.m2/repository/org/eclipse/jetty/toolchain/jetty-servlet-api/4.0.5/jetty-servlet-api-4.0.5.jar:/Users/timmylindholm/.m2/repository/org/eclipse/jetty/jetty-http/10.0.0/jetty-http-10.0.0.jar:/Users/timmylindholm/.m2/repository/org/eclipse/jetty/jetty-util/10.0.0/jetty-util-10.0.0.jar:/Users/timmylindholm/.m2/repository/org/eclipse/jetty/jetty-io/10.0.0/jetty-io-10.0.0.jar:/Users/timmylindholm/.m2/repository/org/slf4j/slf4j-api/2.0.0-alpha1/slf4j-api-2.0.0-alpha1.jar:"/>
    <property name="sun.cpu.endian" value="little"/>
    <property name="user.home" value="/Users/timmylindholm"/>
    <property name="user.language" value="sv"/>
    <property name="java.specification.vendor" value="Oracle Corporation"/>
    <property name="java.version.date" value="2021-03-16"/>
    <property name="java.home" value="/opt/homebrew/Cellar/openjdk/15.0.1/libexec/openjdk.jdk/Contents/Home"/>
    <property name="file.separator" value="/"/>
    <property name="basedir" value="/Users/timmylindholm/kth/DD2480/assignment2/assignment2"/>
    <property name="java.vm.compressedOopsMode" value="Zero based"/>
    <property name="line.separator" value="&#10;"/>
    <property name="java.specification.name" value="Java Platform API Specification"/>
    <property name="java.vm.specification.vendor" value="Oracle Corporation"/>
    <property name="surefire.real.class.path" value="/Users/timmylindholm/kth/DD2480/assignment2/assignment2/target/surefire/surefirebooter13711322402181961113.jar"/>
    <property name="sun.management.compiler" value="HotSpot 64-Bit Tiered Compilers"/>
    <property name="ftp.nonProxyHosts" value="local|*.local|169.254/16|*.169.254/16"/>
    <property name="java.runtime.version" value="16+14"/>
    <property name="user.name" value="timmylindholm"/>
    <property name="path.separator" value=":"/>
    <property name="os.version" value="11.1"/>
    <property name="java.runtime.name" value="OpenJDK Runtime Environment"/>
    <property name="file.encoding" value="UTF-8"/>
    <property name="java.vm.name" value="OpenJDK 64-Bit Server VM"/>
    <property name="localRepository" value="/Users/timmylindholm/.m2/repository"/>
    <property name="java.vendor.url.bug" value="https://bugreport.java.com/bugreport/"/>
    <property name="java.io.tmpdir" value="/var/folders/nv/_zmh6vx96m55qqc1r9mwlmm00000gn/T/"/>
    <property name="java.version" value="16"/>
    <property name="user.dir" value="/Users/timmylindholm/kth/DD2480/assignment2/assignment2"/>
    <property name="os.arch" value="aarch64"/>
    <property name="java.vm.specification.name" value="Java Virtual Machine Specification"/>
    <property name="java.library.path" value="/Users/timmylindholm/Library/Java/Extensions:/Library/Java/Extensions:/Network/Library/Java/Extensions:/System/Library/Java/Extensions:/usr/lib/java:."/>
    <property name="java.vm.info" value="mixed mode"/>
    <property name="java.vendor" value="N/A"/>
    <property name="java.vm.version" value="16+14"/>
    <property name="sun.io.unicode.encoding" value="UnicodeBig"/>
    <property name="socksNonProxyHosts" value="local|*.local|169.254/16|*.169.254/16"/>
    <property name="java.class.version" value="60.0"/>
  </properties>
  <testcase name="shouldAnswerWithTrue" classname="kth.soffgrupp.se.AppTest" time="0.001"/>
</testsuite>